<?xml version="1.0" encoding="UTF-8"?>
<!-- Generated by org.testng.reporters.JUnitXMLReporter -->
<testsuite ignored="0" hostname="DESKTOP-HT8GSO1" failures="0" tests="2" name="ToolsQA" time="9.394" errors="0" timestamp="21 Jul 2023 20:56:56 GMT">
  <testcase classname="com.toolsqa.TextboxOperations" name="@BeforeTest openBrowser" time="9.317">
    <failure type="java.lang.AssertionError" message="Title do not match expected [DEMOQA1] but found [DEMOQA]">
      <![CDATA[java.lang.AssertionError: Title do not match expected [DEMOQA1] but found [DEMOQA]
	at com.toolsqa.TextboxOperations.openBrowser(TextboxOperations.java:30)
	at com.intellij.rt.testng.IDEARemoteTestNG.run(IDEARemoteTestNG.java:66)
	at com.intellij.rt.testng.RemoteTestNGStarter.main(RemoteTestNGStarter.java:105)
... Removed 25 stack frames]]>
    </failure>
  </testcase> <!-- @BeforeTest openBrowser -->
  <testcase classname="com.toolsqa.TextboxOperations" name="navigateToElementTextBoxPage" time="0.0">
    <skipped/>
  </testcase> <!-- navigateToElementTextBoxPage -->
  <testcase classname="com.toolsqa.TextboxOperations" name="submitTextBox" time="0.0">
    <skipped/>
  </testcase> <!-- submitTextBox -->
</testsuite> <!-- ToolsQA -->
