<?xml version="1.0" encoding="UTF-8"?>
<testng-results ignored="0" total="2" passed="2" failed="0" skipped="0">
  <reporter-output>
  </reporter-output>
  <suite started-at="2023-07-24T17:55:27Z" name="Automation-Test-Suite" finished-at="2023-07-24T17:55:44Z" duration-ms="17268">
    <groups>
    </groups>
    <test started-at="2023-07-24T17:55:27Z" name="Parallel Test" finished-at="2023-07-24T17:55:44Z" duration-ms="17268">
      <class name="com.testngbasics.TestNGParallelExecution">
        <test-method signature="ChromeTest()[pri:0, instance:com.testngbasics.TestNGParallelExecution@63a12c68]" started-at="2023-07-24T13:55:27Z" name="ChromeTest" finished-at="2023-07-24T13:55:39Z" duration-ms="12134" status="PASS">
          <reporter-output>
          </reporter-output>
        </test-method> <!-- ChromeTest -->
        <test-method signature="FirefoxTest()[pri:0, instance:com.testngbasics.TestNGParallelExecution@63a12c68]" started-at="2023-07-24T13:55:27Z" name="FirefoxTest" finished-at="2023-07-24T13:55:44Z" duration-ms="17219" status="PASS">
          <reporter-output>
          </reporter-output>
        </test-method> <!-- FirefoxTest -->
      </class> <!-- com.testngbasics.TestNGParallelExecution -->
    </test> <!-- Parallel Test -->
  </suite> <!-- Automation-Test-Suite -->
</testng-results>
