<?xml version="1.0" encoding="UTF-8"?>
<testng-results ignored="0" total="1" passed="1" failed="0" skipped="0">
  <reporter-output>
    <line>
      <![CDATA[Open Chrome Browser]]>
    </line>
  </reporter-output>
  <suite started-at="2023-08-02T19:38:11Z" name="Automation-Test-Suite" finished-at="2023-08-02T19:38:22Z" duration-ms="10374">
    <groups>
    </groups>
    <test started-at="2023-08-02T19:38:11Z" name="Parallel Test" finished-at="2023-08-02T19:38:22Z" duration-ms="10374">
      <class name="testng.testngbasics.TestNGAssertions">
        <test-method signature="openBrowser()[pri:0, instance:testng.testngbasics.TestNGAssertions@1b1426f4]" started-at="2023-08-02T15:38:12Z" name="openBrowser" finished-at="2023-08-02T15:38:22Z" duration-ms="10285" status="PASS">
          <reporter-output>
            <line>
              <![CDATA[Open Chrome Browser]]>
            </line>
          </reporter-output>
        </test-method> <!-- openBrowser -->
      </class> <!-- testng.testngbasics.TestNGAssertions -->
    </test> <!-- Parallel Test -->
  </suite> <!-- Automation-Test-Suite -->
</testng-results>
